<?xml version="1.0" encoding="UTF-8"?>
<testng-results ignored="0" total="3" passed="3" failed="0" skipped="0">
  <reporter-output>
  </reporter-output>
  <suite started-at="2024-06-30T00:24:09Z" name="Surefire suite" finished-at="2024-06-30T00:24:09Z" duration-ms="26">
    <groups>
      <group name="roles">
        <method signature="AppTest.testNameRoles()[pri:0, instance:com.example.AppTest@4f1bfe23]" name="testNameRoles" class="com.example.AppTest"/>
      </group> <!-- roles -->
      <group name="usuario">
        <method signature="AppTest.testNameUser()[pri:0, instance:com.example.AppTest@4f1bfe23]" name="testNameUser" class="com.example.AppTest"/>
      </group> <!-- usuario -->
    </groups>
    <test started-at="2024-06-30T00:24:09Z" name="Surefire test" finished-at="2024-06-30T00:24:09Z" duration-ms="26">
      <class name="com.example.AppTest">
        <test-method is-config="true" signature="beforeSuite()[pri:0, instance:com.example.AppTest@4f1bfe23]" started-at="2024-06-30T00:24:09Z" name="beforeSuite" finished-at="2024-06-30T00:24:09Z" duration-ms="16" status="PASS">
          <reporter-output>
          </reporter-output>
        </test-method> <!-- beforeSuite -->
        <test-method is-config="true" signature="beforeTest()[pri:0, instance:com.example.AppTest@4f1bfe23]" started-at="2024-06-30T00:24:09Z" name="beforeTest" finished-at="2024-06-30T00:24:09Z" duration-ms="1" status="PASS">
          <reporter-output>
          </reporter-output>
        </test-method> <!-- beforeTest -->
        <test-method is-config="true" signature="beforeClass()[pri:0, instance:com.example.AppTest@4f1bfe23]" started-at="2024-06-30T00:24:09Z" name="beforeClass" finished-at="2024-06-30T00:24:09Z" duration-ms="0" status="PASS">
          <reporter-output>
          </reporter-output>
        </test-method> <!-- beforeClass -->
        <test-method signature="testMethod()[pri:0, instance:com.example.AppTest@4f1bfe23]" started-at="2024-06-30T00:24:09Z" name="testMethod" finished-at="2024-06-30T00:24:09Z" duration-ms="4" status="PASS">
          <reporter-output>
          </reporter-output>
        </test-method> <!-- testMethod -->
        <test-method is-config="true" signature="beforeMethod()[pri:0, instance:com.example.AppTest@4f1bfe23]" started-at="2024-06-30T00:24:09Z" name="beforeMethod" finished-at="2024-06-30T00:24:09Z" duration-ms="0" status="PASS">
          <reporter-output>
          </reporter-output>
        </test-method> <!-- beforeMethod -->
        <test-method is-config="true" signature="afterMethod()[pri:0, instance:com.example.AppTest@4f1bfe23]" started-at="2024-06-30T00:24:09Z" name="afterMethod" finished-at="2024-06-30T00:24:09Z" duration-ms="0" status="PASS">
          <reporter-output>
          </reporter-output>
        </test-method> <!-- afterMethod -->
        <test-method is-config="true" signature="beforeMethod()[pri:0, instance:com.example.AppTest@4f1bfe23]" started-at="2024-06-30T00:24:09Z" name="beforeMethod" finished-at="2024-06-30T00:24:09Z" duration-ms="0" status="PASS">
          <reporter-output>
          </reporter-output>
        </test-method> <!-- beforeMethod -->
        <test-method is-config="true" signature="beforeGroups()[pri:0, instance:com.example.AppTest@4f1bfe23]" started-at="2024-06-30T00:24:09Z" name="beforeGroups" finished-at="2024-06-30T00:24:09Z" duration-ms="0" status="PASS">
          <reporter-output>
          </reporter-output>
        </test-method> <!-- beforeGroups -->
        <test-method signature="testNameUser()[pri:0, instance:com.example.AppTest@4f1bfe23]" started-at="2024-06-30T00:24:09Z" name="testNameUser" finished-at="2024-06-30T00:24:09Z" duration-ms="1" status="PASS">
          <reporter-output>
          </reporter-output>
        </test-method> <!-- testNameUser -->
        <test-method is-config="true" signature="afterGroups()[pri:0, instance:com.example.AppTest@4f1bfe23]" started-at="2024-06-30T00:24:09Z" name="afterGroups" finished-at="2024-06-30T00:24:09Z" duration-ms="0" status="PASS">
          <reporter-output>
          </reporter-output>
        </test-method> <!-- afterGroups -->
        <test-method is-config="true" signature="beforeMethod()[pri:0, instance:com.example.AppTest@4f1bfe23]" started-at="2024-06-30T00:24:09Z" name="beforeMethod" finished-at="2024-06-30T00:24:09Z" duration-ms="0" status="PASS">
          <reporter-output>
          </reporter-output>
        </test-method> <!-- beforeMethod -->
        <test-method is-config="true" signature="afterMethod()[pri:0, instance:com.example.AppTest@4f1bfe23]" started-at="2024-06-30T00:24:09Z" name="afterMethod" finished-at="2024-06-30T00:24:09Z" duration-ms="0" status="PASS">
          <reporter-output>
          </reporter-output>
        </test-method> <!-- afterMethod -->
        <test-method signature="testNameRoles()[pri:0, instance:com.example.AppTest@4f1bfe23]" started-at="2024-06-30T00:24:09Z" name="testNameRoles" finished-at="2024-06-30T00:24:09Z" duration-ms="0" status="PASS">
          <reporter-output>
          </reporter-output>
        </test-method> <!-- testNameRoles -->
        <test-method is-config="true" signature="afterMethod()[pri:0, instance:com.example.AppTest@4f1bfe23]" started-at="2024-06-30T00:24:09Z" name="afterMethod" finished-at="2024-06-30T00:24:09Z" duration-ms="0" status="PASS">
          <reporter-output>
          </reporter-output>
        </test-method> <!-- afterMethod -->
        <test-method is-config="true" signature="afterClass()[pri:0, instance:com.example.AppTest@4f1bfe23]" started-at="2024-06-30T00:24:09Z" name="afterClass" finished-at="2024-06-30T00:24:09Z" duration-ms="0" status="PASS">
          <reporter-output>
          </reporter-output>
        </test-method> <!-- afterClass -->
        <test-method is-config="true" signature="afterTest()[pri:0, instance:com.example.AppTest@4f1bfe23]" started-at="2024-06-30T00:24:09Z" name="afterTest" finished-at="2024-06-30T00:24:09Z" duration-ms="1" status="PASS">
          <reporter-output>
          </reporter-output>
        </test-method> <!-- afterTest -->
        <test-method is-config="true" signature="afterSuite()[pri:0, instance:com.example.AppTest@4f1bfe23]" started-at="2024-06-30T00:24:09Z" name="afterSuite" finished-at="2024-06-30T00:24:09Z" duration-ms="0" status="PASS">
          <reporter-output>
          </reporter-output>
        </test-method> <!-- afterSuite -->
      </class> <!-- com.example.AppTest -->
    </test> <!-- Surefire test -->
  </suite> <!-- Surefire suite -->
</testng-results>
