<?xml version="1.0" encoding="UTF-8"?>
<testsuite xmlns:xsi="http://www.w3.org/2001/XMLSchema-instance" xsi:noNamespaceSchemaLocation="https://maven.apache.org/surefire/maven-surefire-plugin/xsd/surefire-test-report-3.0.xsd" version="3.0" name="com.example.AppTest" time="0.393" tests="3" errors="0" skipped="0" failures="0">
  <properties>
[...]
</properties>
  <testcase name="testMethod" classname="com.example.AppTest" time="0.004">
    <system-out><![CDATA[AppTest.beforeSuite()
AppTest.beforeTest()
AppTest.beforeClass()
AppTest.beforeMethod()
AppTest.ffeefef(ERMENIGILDO)
]]></system-out>
  </testcase>
  <testcase name="testNameRoles" classname="com.example.AppTest" time="0.001">
    <system-out><![CDATA[AppTest.afterMethod()
AppTest.beforeMethod()
AppTest.testNameRoles(tu cargo  o lo que haces)
]]></system-out>
  </testcase>
  <testcase name="testNameUser" classname="com.example.AppTest" time="0">
    <system-out><![CDATA[AppTest.afterMethod()
AppTest.afterGroups(es tu rol)
AppTest.beforeGroups(eres usuario del grupo)
AppTest.beforeMethod()
AppTest.testNameUser(ERMENIGILDO Orbezo)
]]></system-out>
  </testcase>
</testsuite>