<?xml version="1.0" encoding="UTF-8"?>
<!-- Generated by org.testng.reporters.JUnitXMLReporter -->
<testsuite ignored="0" hostname="DESKTOP-L16VT6H" failures="0" tests="3" name="Surefire test" time="0.026" errors="0" timestamp="30 jun. 2024 00:24:09 GMT">
  <testcase classname="com.example.AppTest" name="testMethod" time="0.004"/>
  <testcase classname="com.example.AppTest" name="testNameRoles" time="0.0"/>
  <testcase classname="com.example.AppTest" name="testNameUser" time="0.001"/>
</testsuite> <!-- Surefire test -->
