<?xml version="1.0" encoding="UTF-8"?>
<testsuite xmlns:xsi="http://www.w3.org/2001/XMLSchema-instance" xsi:noNamespaceSchemaLocation="https://maven.apache.org/surefire/maven-surefire-plugin/xsd/surefire-test-report-3.0.xsd" version="3.0" name="com.example.AppTest" time="0.467" tests="102" errors="0" skipped="0" failures="2">
  <properties>
[...]
</properties>
  <testcase name="testPasswordHastAtLeastOneLetter" classname="com.example.AppTest" time="0.01"/>
  <testcase name="testPasswordHastAtLeastOneLetter" classname="com.example.AppTest" time="0"/>
  <testcase name="testPasswordHastAtLeastOneLetter" classname="com.example.AppTest" time="0.004">
    <failure message="expected [true] but found [false]" type="java.lang.AssertionError"><![CDATA[java.lang.AssertionError: expected [true] but found [false]
	at com.example.AppTest.testPasswordHastAtLeastOneLetter(AppTest.java:67)
]]></failure>
  </testcase>
  <testcase name="testPasswordHastAtLeastOneLetter" classname="com.example.AppTest" time="0"/>
  <testcase name="testPasswordHastAtLeastOneLetter" classname="com.example.AppTest" time="0"/>
  <testcase name="testPasswordHastAtLeastOneLetter" classname="com.example.AppTest" time="0"/>
  <testcase name="testPasswordHastAtLeastOneLetter" classname="com.example.AppTest" time="0"/>
  <testcase name="testPasswordHastAtLeastOneLetter" classname="com.example.AppTest" time="0"/>
  <testcase name="testPasswordHastAtLeastOneLetter" classname="com.example.AppTest" time="0.001"/>
  <testcase name="testPasswordHastAtLeastOneLetter" classname="com.example.AppTest" time="0"/>
  <testcase name="testPasswordHastAtLeastOneLetter" classname="com.example.AppTest" time="0"/>
  <testcase name="testPasswordHastAtLeastOneLetter" classname="com.example.AppTest" time="0"/>
  <testcase name="testPasswordHastAtLeastOneLetter" classname="com.example.AppTest" time="0.001"/>
  <testcase name="testPasswordHastAtLeastOneLetter" classname="com.example.AppTest" time="0"/>
  <testcase name="testPasswordHastAtLeastOneLetter" classname="com.example.AppTest" time="0"/>
  <testcase name="testPasswordHastAtLeastOneLetter" classname="com.example.AppTest" time="0.003">
    <failure message="expected [true] but found [false]" type="java.lang.AssertionError"><![CDATA[java.lang.AssertionError: expected [true] but found [false]
	at com.example.AppTest.testPasswordHastAtLeastOneLetter(AppTest.java:67)
]]></failure>
  </testcase>
  <testcase name="testPasswordHastAtLeastOneLetter" classname="com.example.AppTest" time="0.001"/>
  <testcase name="testPasswordHastAtLeastOneLetter" classname="com.example.AppTest" time="0"/>
  <testcase name="testPasswordHastAtLeastOneLetter" classname="com.example.AppTest" time="0"/>
  <testcase name="testPasswordHastAtLeastOneLetter" classname="com.example.AppTest" time="0"/>
  <testcase name="testPasswordHastAtLeastOneLetter" classname="com.example.AppTest" time="0.001"/>
  <testcase name="testPasswordHastAtLeastOneLetter" classname="com.example.AppTest" time="0"/>
  <testcase name="testPasswordHastAtLeastOneLetter" classname="com.example.AppTest" time="0"/>
  <testcase name="testPasswordHastAtLeastOneLetter" classname="com.example.AppTest" time="0"/>
  <testcase name="testPasswordHastAtLeastOneLetter" classname="com.example.AppTest" time="0.001"/>
  <testcase name="testPasswordHastAtLeastOneLetter" classname="com.example.AppTest" time="0"/>
  <testcase name="testPasswordHastAtLeastOneLetter" classname="com.example.AppTest" time="0"/>
  <testcase name="testPasswordHastAtLeastOneLetter" classname="com.example.AppTest" time="0"/>
  <testcase name="testPasswordHastAtLeastOneLetter" classname="com.example.AppTest" time="0.001"/>
  <testcase name="testPasswordHastAtLeastOneLetter" classname="com.example.AppTest" time="0"/>
  <testcase name="testPasswordHastAtLeastOneLetter" classname="com.example.AppTest" time="0"/>
  <testcase name="testPasswordHastAtLeastOneLetter" classname="com.example.AppTest" time="0"/>
  <testcase name="testPasswordHastAtLeastOneLetter" classname="com.example.AppTest" time="0.001"/>
  <testcase name="testPasswordHastAtLeastOneLetter" classname="com.example.AppTest" time="0"/>
  <testcase name="testPasswordHastAtLeastOneLetter" classname="com.example.AppTest" time="0"/>
  <testcase name="testPasswordHastAtLeastOneLetter" classname="com.example.AppTest" time="0"/>
  <testcase name="testPasswordHastAtLeastOneLetter" classname="com.example.AppTest" time="0.001"/>
  <testcase name="testPasswordHastAtLeastOneLetter" classname="com.example.AppTest" time="0"/>
  <testcase name="testPasswordHastAtLeastOneLetter" classname="com.example.AppTest" time="0"/>
  <testcase name="testPasswordHastAtLeastOneLetter" classname="com.example.AppTest" time="0"/>
  <testcase name="testPasswordHastAtLeastOneLetter" classname="com.example.AppTest" time="0"/>
  <testcase name="testPasswordHastAtLeastOneLetter" classname="com.example.AppTest" time="0"/>
  <testcase name="testPasswordHastAtLeastOneLetter" classname="com.example.AppTest" time="0"/>
  <testcase name="testPasswordHastAtLeastOneLetter" classname="com.example.AppTest" time="0"/>
  <testcase name="testPasswordHastAtLeastOneLetter" classname="com.example.AppTest" time="0"/>
  <testcase name="testPasswordHastAtLeastOneLetter" classname="com.example.AppTest" time="0"/>
  <testcase name="testPasswordHastAtLeastOneLetter" classname="com.example.AppTest" time="0.001"/>
  <testcase name="testPasswordHastAtLeastOneLetter" classname="com.example.AppTest" time="0"/>
  <testcase name="testPasswordHastAtLeastOneLetter" classname="com.example.AppTest" time="0"/>
  <testcase name="testPasswordHastAtLeastOneLetter" classname="com.example.AppTest" time="0.001"/>
  <testcase name="testPasswordHastAtLeastOneLetter" classname="com.example.AppTest" time="0"/>
  <testcase name="testPasswordHastAtLeastOneLetter" classname="com.example.AppTest" time="0"/>
  <testcase name="testPasswordHastAtLeastOneLetter" classname="com.example.AppTest" time="0"/>
  <testcase name="testPasswordHastAtLeastOneLetter" classname="com.example.AppTest" time="0.001"/>
  <testcase name="testPasswordHastAtLeastOneLetter" classname="com.example.AppTest" time="0"/>
  <testcase name="testPasswordHastAtLeastOneLetter" classname="com.example.AppTest" time="0"/>
  <testcase name="testPasswordHastAtLeastOneLetter" classname="com.example.AppTest" time="0"/>
  <testcase name="testPasswordHastAtLeastOneLetter" classname="com.example.AppTest" time="0"/>
  <testcase name="testPasswordHastAtLeastOneLetter" classname="com.example.AppTest" time="0"/>
  <testcase name="testPasswordHastAtLeastOneLetter" classname="com.example.AppTest" time="0"/>
  <testcase name="testPasswordHastAtLeastOneLetter" classname="com.example.AppTest" time="0"/>
  <testcase name="testPasswordHastAtLeastOneLetter" classname="com.example.AppTest" time="0"/>
  <testcase name="testPasswordHastAtLeastOneLetter" classname="com.example.AppTest" time="0"/>
  <testcase name="testPasswordHastAtLeastOneLetter" classname="com.example.AppTest" time="0"/>
  <testcase name="testPasswordHastAtLeastOneLetter" classname="com.example.AppTest" time="0"/>
  <testcase name="testPasswordHastAtLeastOneLetter" classname="com.example.AppTest" time="0"/>
  <testcase name="testPasswordHastAtLeastOneLetter" classname="com.example.AppTest" time="0"/>
  <testcase name="testPasswordHastAtLeastOneLetter" classname="com.example.AppTest" time="0"/>
  <testcase name="testPasswordHastAtLeastOneLetter" classname="com.example.AppTest" time="0"/>
  <testcase name="testPasswordHastAtLeastOneLetter" classname="com.example.AppTest" time="0"/>
  <testcase name="testPasswordHastAtLeastOneLetter" classname="com.example.AppTest" time="0"/>
  <testcase name="testPasswordHastAtLeastOneLetter" classname="com.example.AppTest" time="0"/>
  <testcase name="testPasswordHastAtLeastOneLetter" classname="com.example.AppTest" time="0"/>
  <testcase name="testPasswordHastAtLeastOneLetter" classname="com.example.AppTest" time="0.001"/>
  <testcase name="testPasswordHastAtLeastOneLetter" classname="com.example.AppTest" time="0"/>
  <testcase name="testPasswordHastAtLeastOneLetter" classname="com.example.AppTest" time="0"/>
  <testcase name="testPasswordHastAtLeastOneLetter" classname="com.example.AppTest" time="0"/>
  <testcase name="testPasswordHastAtLeastOneLetter" classname="com.example.AppTest" time="0.001"/>
  <testcase name="testPasswordHastAtLeastOneLetter" classname="com.example.AppTest" time="0"/>
  <testcase name="testPasswordHastAtLeastOneLetter" classname="com.example.AppTest" time="0"/>
  <testcase name="testPasswordHastAtLeastOneLetter" classname="com.example.AppTest" time="0"/>
  <testcase name="testPasswordHastAtLeastOneLetter" classname="com.example.AppTest" time="0"/>
  <testcase name="testPasswordHastAtLeastOneLetter" classname="com.example.AppTest" time="0"/>
  <testcase name="testPasswordHastAtLeastOneLetter" classname="com.example.AppTest" time="0"/>
  <testcase name="testPasswordHastAtLeastOneLetter" classname="com.example.AppTest" time="0"/>
  <testcase name="testPasswordHastAtLeastOneLetter" classname="com.example.AppTest" time="0.001"/>
  <testcase name="testPasswordHastAtLeastOneLetter" classname="com.example.AppTest" time="0"/>
  <testcase name="testPasswordHastAtLeastOneLetter" classname="com.example.AppTest" time="0"/>
  <testcase name="testPasswordHastAtLeastOneLetter" classname="com.example.AppTest" time="0"/>
  <testcase name="testPasswordHastAtLeastOneLetter" classname="com.example.AppTest" time="0.001"/>
  <testcase name="testPasswordHastAtLeastOneLetter" classname="com.example.AppTest" time="0"/>
  <testcase name="testPasswordHastAtLeastOneLetter" classname="com.example.AppTest" time="0"/>
  <testcase name="testPasswordHastAtLeastOneLetter" classname="com.example.AppTest" time="0"/>
  <testcase name="testPasswordHastAtLeastOneLetter" classname="com.example.AppTest" time="0"/>
  <testcase name="testPasswordHastAtLeastOneLetter" classname="com.example.AppTest" time="0.001"/>
  <testcase name="testPasswordHastAtLeastOneLetter" classname="com.example.AppTest" time="0"/>
  <testcase name="testPasswordHastAtLeastOneLetter" classname="com.example.AppTest" time="0"/>
  <testcase name="testPasswordHastAtLeastOneLetter" classname="com.example.AppTest" time="0"/>
  <testcase name="testPasswordHastAtLeastOneLetter" classname="com.example.AppTest" time="0"/>
  <testcase name="testPasswordHastAtLeastOneLetter" classname="com.example.AppTest" time="0.001"/>
  <testcase name="testPasswordHastAtLeastTwoSpecialCharacters" classname="com.example.AppTest" time="0"/>
  <testcase name="testPasswordLengthIsTen" classname="com.example.AppTest" time="0"/>
</testsuite>