<?xml version="1.0" encoding="UTF-8"?>
<testng-results ignored="0" total="102" passed="100" failed="2" skipped="0">
  <reporter-output>
  </reporter-output>
  <suite started-at="2024-06-30T03:49:12Z" name="Surefire suite" finished-at="2024-06-30T03:49:13Z" duration-ms="80">
    <groups>
    </groups>
    <test started-at="2024-06-30T03:49:12Z" name="Surefire test" finished-at="2024-06-30T03:49:13Z" duration-ms="80">
      <class name="com.example.AppTest">
        <test-method is-config="true" signature="setUp()[pri:0, instance:com.example.AppTest@421bba99]" started-at="2024-06-30T03:49:12Z" name="setUp" finished-at="2024-06-30T03:49:12Z" duration-ms="17" status="PASS">
          <reporter-output>
          </reporter-output>
        </test-method> <!-- setUp -->
        <test-method signature="testPasswordHastAtLeastOneLetter()[pri:0, instance:com.example.AppTest@421bba99]" started-at="2024-06-30T03:49:12Z" name="testPasswordHastAtLeastOneLetter" finished-at="2024-06-30T03:49:12Z" duration-ms="9" status="PASS">
          <reporter-output>
          </reporter-output>
        </test-method> <!-- testPasswordHastAtLeastOneLetter -->
        <test-method signature="testPasswordHastAtLeastOneLetter()[pri:0, instance:com.example.AppTest@421bba99]" started-at="2024-06-30T03:49:12Z" name="testPasswordHastAtLeastOneLetter" finished-at="2024-06-30T03:49:12Z" duration-ms="0" status="PASS">
          <reporter-output>
          </reporter-output>
        </test-method> <!-- testPasswordHastAtLeastOneLetter -->
        <test-method signature="testPasswordHastAtLeastOneLetter()[pri:0, instance:com.example.AppTest@421bba99]" started-at="2024-06-30T03:49:12Z" name="testPasswordHastAtLeastOneLetter" finished-at="2024-06-30T03:49:12Z" duration-ms="0" status="FAIL">
          <exception class="java.lang.AssertionError">
            <message>
              <![CDATA[expected [true] but found [false]]]>
            </message>
            <full-stacktrace>
              <![CDATA[java.lang.AssertionError: expected [true] but found [false]
at org.testng.Assert.fail(Assert.java:96)
at org.testng.Assert.failNotEquals(Assert.java:776)
at org.testng.Assert.assertTrue(Assert.java:44)
at org.testng.Assert.assertTrue(Assert.java:54)
at com.example.AppTest.testPasswordHastAtLeastOneLetter(AppTest.java:67)
at java.base/jdk.internal.reflect.NativeMethodAccessorImpl.invoke0(Native Method)
at java.base/jdk.internal.reflect.NativeMethodAccessorImpl.invoke(NativeMethodAccessorImpl.java:77)
at java.base/jdk.internal.reflect.DelegatingMethodAccessorImpl.invoke(DelegatingMethodAccessorImpl.java:43)
at java.base/java.lang.reflect.Method.invoke(Method.java:568)
at org.testng.internal.MethodInvocationHelper.invokeMethod(MethodInvocationHelper.java:124)
at org.testng.internal.Invoker.invokeMethod(Invoker.java:583)
at org.testng.internal.Invoker.invokeTestMethod(Invoker.java:719)
at org.testng.internal.Invoker.invokeTestMethods(Invoker.java:989)
at org.testng.internal.TestMethodWorker.invokeTestMethods(TestMethodWorker.java:125)
at org.testng.internal.TestMethodWorker.run(TestMethodWorker.java:109)
at org.testng.TestRunner.privateRun(TestRunner.java:648)
at org.testng.TestRunner.run(TestRunner.java:505)
at org.testng.SuiteRunner.runTest(SuiteRunner.java:455)
at org.testng.SuiteRunner.runSequentially(SuiteRunner.java:450)
at org.testng.SuiteRunner.privateRun(SuiteRunner.java:415)
at org.testng.SuiteRunner.run(SuiteRunner.java:364)
at org.testng.SuiteRunnerWorker.runSuite(SuiteRunnerWorker.java:52)
at org.testng.SuiteRunnerWorker.run(SuiteRunnerWorker.java:84)
at org.testng.TestNG.runSuitesSequentially(TestNG.java:1208)
at org.testng.TestNG.runSuitesLocally(TestNG.java:1137)
at org.testng.TestNG.runSuites(TestNG.java:1049)
at org.testng.TestNG.run(TestNG.java:1017)
at org.apache.maven.surefire.testng.TestNGExecutor.run(TestNGExecutor.java:136)
at org.apache.maven.surefire.testng.TestNGDirectoryTestSuite.executeSingleClass(TestNGDirectoryTestSuite.java:112)
at org.apache.maven.surefire.testng.TestNGDirectoryTestSuite.execute(TestNGDirectoryTestSuite.java:99)
at org.apache.maven.surefire.testng.TestNGProvider.invoke(TestNGProvider.java:145)
at org.apache.maven.surefire.booter.ForkedBooter.runSuitesInProcess(ForkedBooter.java:428)
at org.apache.maven.surefire.booter.ForkedBooter.execute(ForkedBooter.java:162)
at org.apache.maven.surefire.booter.ForkedBooter.run(ForkedBooter.java:562)
at org.apache.maven.surefire.booter.ForkedBooter.main(ForkedBooter.java:548)
]]>
            </full-stacktrace>
          </exception> <!-- java.lang.AssertionError -->
          <reporter-output>
          </reporter-output>
        </test-method> <!-- testPasswordHastAtLeastOneLetter -->
        <test-method signature="testPasswordHastAtLeastOneLetter()[pri:0, instance:com.example.AppTest@421bba99]" started-at="2024-06-30T03:49:12Z" name="testPasswordHastAtLeastOneLetter" finished-at="2024-06-30T03:49:12Z" duration-ms="0" status="PASS">
          <reporter-output>
          </reporter-output>
        </test-method> <!-- testPasswordHastAtLeastOneLetter -->
        <test-method signature="testPasswordHastAtLeastOneLetter()[pri:0, instance:com.example.AppTest@421bba99]" started-at="2024-06-30T03:49:12Z" name="testPasswordHastAtLeastOneLetter" finished-at="2024-06-30T03:49:12Z" duration-ms="0" status="PASS">
          <reporter-output>
          </reporter-output>
        </test-method> <!-- testPasswordHastAtLeastOneLetter -->
        <test-method signature="testPasswordHastAtLeastOneLetter()[pri:0, instance:com.example.AppTest@421bba99]" started-at="2024-06-30T03:49:12Z" name="testPasswordHastAtLeastOneLetter" finished-at="2024-06-30T03:49:12Z" duration-ms="0" status="PASS">
          <reporter-output>
          </reporter-output>
        </test-method> <!-- testPasswordHastAtLeastOneLetter -->
        <test-method signature="testPasswordHastAtLeastOneLetter()[pri:0, instance:com.example.AppTest@421bba99]" started-at="2024-06-30T03:49:12Z" name="testPasswordHastAtLeastOneLetter" finished-at="2024-06-30T03:49:12Z" duration-ms="0" status="PASS">
          <reporter-output>
          </reporter-output>
        </test-method> <!-- testPasswordHastAtLeastOneLetter -->
        <test-method signature="testPasswordHastAtLeastOneLetter()[pri:0, instance:com.example.AppTest@421bba99]" started-at="2024-06-30T03:49:12Z" name="testPasswordHastAtLeastOneLetter" finished-at="2024-06-30T03:49:12Z" duration-ms="1" status="PASS">
          <reporter-output>
          </reporter-output>
        </test-method> <!-- testPasswordHastAtLeastOneLetter -->
        <test-method signature="testPasswordHastAtLeastOneLetter()[pri:0, instance:com.example.AppTest@421bba99]" started-at="2024-06-30T03:49:12Z" name="testPasswordHastAtLeastOneLetter" finished-at="2024-06-30T03:49:12Z" duration-ms="0" status="PASS">
          <reporter-output>
          </reporter-output>
        </test-method> <!-- testPasswordHastAtLeastOneLetter -->
        <test-method signature="testPasswordHastAtLeastOneLetter()[pri:0, instance:com.example.AppTest@421bba99]" started-at="2024-06-30T03:49:12Z" name="testPasswordHastAtLeastOneLetter" finished-at="2024-06-30T03:49:12Z" duration-ms="0" status="PASS">
          <reporter-output>
          </reporter-output>
        </test-method> <!-- testPasswordHastAtLeastOneLetter -->
        <test-method signature="testPasswordHastAtLeastOneLetter()[pri:0, instance:com.example.AppTest@421bba99]" started-at="2024-06-30T03:49:12Z" name="testPasswordHastAtLeastOneLetter" finished-at="2024-06-30T03:49:12Z" duration-ms="0" status="PASS">
          <reporter-output>
          </reporter-output>
        </test-method> <!-- testPasswordHastAtLeastOneLetter -->
        <test-method signature="testPasswordHastAtLeastOneLetter()[pri:0, instance:com.example.AppTest@421bba99]" started-at="2024-06-30T03:49:12Z" name="testPasswordHastAtLeastOneLetter" finished-at="2024-06-30T03:49:12Z" duration-ms="0" status="PASS">
          <reporter-output>
          </reporter-output>
        </test-method> <!-- testPasswordHastAtLeastOneLetter -->
        <test-method signature="testPasswordHastAtLeastOneLetter()[pri:0, instance:com.example.AppTest@421bba99]" started-at="2024-06-30T03:49:12Z" name="testPasswordHastAtLeastOneLetter" finished-at="2024-06-30T03:49:12Z" duration-ms="0" status="PASS">
          <reporter-output>
          </reporter-output>
        </test-method> <!-- testPasswordHastAtLeastOneLetter -->
        <test-method signature="testPasswordHastAtLeastOneLetter()[pri:0, instance:com.example.AppTest@421bba99]" started-at="2024-06-30T03:49:12Z" name="testPasswordHastAtLeastOneLetter" finished-at="2024-06-30T03:49:12Z" duration-ms="3" status="FAIL">
          <exception class="java.lang.AssertionError">
            <message>
              <![CDATA[expected [true] but found [false]]]>
            </message>
            <full-stacktrace>
              <![CDATA[java.lang.AssertionError: expected [true] but found [false]
at org.testng.Assert.fail(Assert.java:96)
at org.testng.Assert.failNotEquals(Assert.java:776)
at org.testng.Assert.assertTrue(Assert.java:44)
at org.testng.Assert.assertTrue(Assert.java:54)
at com.example.AppTest.testPasswordHastAtLeastOneLetter(AppTest.java:67)
at java.base/jdk.internal.reflect.NativeMethodAccessorImpl.invoke0(Native Method)
at java.base/jdk.internal.reflect.NativeMethodAccessorImpl.invoke(NativeMethodAccessorImpl.java:77)
at java.base/jdk.internal.reflect.DelegatingMethodAccessorImpl.invoke(DelegatingMethodAccessorImpl.java:43)
at java.base/java.lang.reflect.Method.invoke(Method.java:568)
at org.testng.internal.MethodInvocationHelper.invokeMethod(MethodInvocationHelper.java:124)
at org.testng.internal.Invoker.invokeMethod(Invoker.java:583)
at org.testng.internal.Invoker.invokeTestMethod(Invoker.java:719)
at org.testng.internal.Invoker.invokeTestMethods(Invoker.java:989)
at org.testng.internal.TestMethodWorker.invokeTestMethods(TestMethodWorker.java:125)
at org.testng.internal.TestMethodWorker.run(TestMethodWorker.java:109)
at org.testng.TestRunner.privateRun(TestRunner.java:648)
at org.testng.TestRunner.run(TestRunner.java:505)
at org.testng.SuiteRunner.runTest(SuiteRunner.java:455)
at org.testng.SuiteRunner.runSequentially(SuiteRunner.java:450)
at org.testng.SuiteRunner.privateRun(SuiteRunner.java:415)
at org.testng.SuiteRunner.run(SuiteRunner.java:364)
at org.testng.SuiteRunnerWorker.runSuite(SuiteRunnerWorker.java:52)
at org.testng.SuiteRunnerWorker.run(SuiteRunnerWorker.java:84)
at org.testng.TestNG.runSuitesSequentially(TestNG.java:1208)
at org.testng.TestNG.runSuitesLocally(TestNG.java:1137)
at org.testng.TestNG.runSuites(TestNG.java:1049)
at org.testng.TestNG.run(TestNG.java:1017)
at org.apache.maven.surefire.testng.TestNGExecutor.run(TestNGExecutor.java:136)
at org.apache.maven.surefire.testng.TestNGDirectoryTestSuite.executeSingleClass(TestNGDirectoryTestSuite.java:112)
at org.apache.maven.surefire.testng.TestNGDirectoryTestSuite.execute(TestNGDirectoryTestSuite.java:99)
at org.apache.maven.surefire.testng.TestNGProvider.invoke(TestNGProvider.java:145)
at org.apache.maven.surefire.booter.ForkedBooter.runSuitesInProcess(ForkedBooter.java:428)
at org.apache.maven.surefire.booter.ForkedBooter.execute(ForkedBooter.java:162)
at org.apache.maven.surefire.booter.ForkedBooter.run(ForkedBooter.java:562)
at org.apache.maven.surefire.booter.ForkedBooter.main(ForkedBooter.java:548)
]]>
            </full-stacktrace>
          </exception> <!-- java.lang.AssertionError -->
          <reporter-output>
          </reporter-output>
        </test-method> <!-- testPasswordHastAtLeastOneLetter -->
        <test-method signature="testPasswordHastAtLeastOneLetter()[pri:0, instance:com.example.AppTest@421bba99]" started-at="2024-06-30T03:49:12Z" name="testPasswordHastAtLeastOneLetter" finished-at="2024-06-30T03:49:12Z" duration-ms="0" status="PASS">
          <reporter-output>
          </reporter-output>
        </test-method> <!-- testPasswordHastAtLeastOneLetter -->
        <test-method signature="testPasswordHastAtLeastOneLetter()[pri:0, instance:com.example.AppTest@421bba99]" started-at="2024-06-30T03:49:12Z" name="testPasswordHastAtLeastOneLetter" finished-at="2024-06-30T03:49:12Z" duration-ms="0" status="PASS">
          <reporter-output>
          </reporter-output>
        </test-method> <!-- testPasswordHastAtLeastOneLetter -->
        <test-method signature="testPasswordHastAtLeastOneLetter()[pri:0, instance:com.example.AppTest@421bba99]" started-at="2024-06-30T03:49:12Z" name="testPasswordHastAtLeastOneLetter" finished-at="2024-06-30T03:49:12Z" duration-ms="0" status="PASS">
          <reporter-output>
          </reporter-output>
        </test-method> <!-- testPasswordHastAtLeastOneLetter -->
        <test-method signature="testPasswordHastAtLeastOneLetter()[pri:0, instance:com.example.AppTest@421bba99]" started-at="2024-06-30T03:49:12Z" name="testPasswordHastAtLeastOneLetter" finished-at="2024-06-30T03:49:12Z" duration-ms="1" status="PASS">
          <reporter-output>
          </reporter-output>
        </test-method> <!-- testPasswordHastAtLeastOneLetter -->
        <test-method signature="testPasswordHastAtLeastOneLetter()[pri:0, instance:com.example.AppTest@421bba99]" started-at="2024-06-30T03:49:12Z" name="testPasswordHastAtLeastOneLetter" finished-at="2024-06-30T03:49:12Z" duration-ms="0" status="PASS">
          <reporter-output>
          </reporter-output>
        </test-method> <!-- testPasswordHastAtLeastOneLetter -->
        <test-method signature="testPasswordHastAtLeastOneLetter()[pri:0, instance:com.example.AppTest@421bba99]" started-at="2024-06-30T03:49:12Z" name="testPasswordHastAtLeastOneLetter" finished-at="2024-06-30T03:49:12Z" duration-ms="0" status="PASS">
          <reporter-output>
          </reporter-output>
        </test-method> <!-- testPasswordHastAtLeastOneLetter -->
        <test-method signature="testPasswordHastAtLeastOneLetter()[pri:0, instance:com.example.AppTest@421bba99]" started-at="2024-06-30T03:49:12Z" name="testPasswordHastAtLeastOneLetter" finished-at="2024-06-30T03:49:12Z" duration-ms="0" status="PASS">
          <reporter-output>
          </reporter-output>
        </test-method> <!-- testPasswordHastAtLeastOneLetter -->
        <test-method signature="testPasswordHastAtLeastOneLetter()[pri:0, instance:com.example.AppTest@421bba99]" started-at="2024-06-30T03:49:12Z" name="testPasswordHastAtLeastOneLetter" finished-at="2024-06-30T03:49:12Z" duration-ms="0" status="PASS">
          <reporter-output>
          </reporter-output>
        </test-method> <!-- testPasswordHastAtLeastOneLetter -->
        <test-method signature="testPasswordHastAtLeastOneLetter()[pri:0, instance:com.example.AppTest@421bba99]" started-at="2024-06-30T03:49:12Z" name="testPasswordHastAtLeastOneLetter" finished-at="2024-06-30T03:49:12Z" duration-ms="0" status="PASS">
          <reporter-output>
          </reporter-output>
        </test-method> <!-- testPasswordHastAtLeastOneLetter -->
        <test-method signature="testPasswordHastAtLeastOneLetter()[pri:0, instance:com.example.AppTest@421bba99]" started-at="2024-06-30T03:49:12Z" name="testPasswordHastAtLeastOneLetter" finished-at="2024-06-30T03:49:12Z" duration-ms="0" status="PASS">
          <reporter-output>
          </reporter-output>
        </test-method> <!-- testPasswordHastAtLeastOneLetter -->
        <test-method signature="testPasswordHastAtLeastOneLetter()[pri:0, instance:com.example.AppTest@421bba99]" started-at="2024-06-30T03:49:12Z" name="testPasswordHastAtLeastOneLetter" finished-at="2024-06-30T03:49:12Z" duration-ms="0" status="PASS">
          <reporter-output>
          </reporter-output>
        </test-method> <!-- testPasswordHastAtLeastOneLetter -->
        <test-method signature="testPasswordHastAtLeastOneLetter()[pri:0, instance:com.example.AppTest@421bba99]" started-at="2024-06-30T03:49:12Z" name="testPasswordHastAtLeastOneLetter" finished-at="2024-06-30T03:49:12Z" duration-ms="0" status="PASS">
          <reporter-output>
          </reporter-output>
        </test-method> <!-- testPasswordHastAtLeastOneLetter -->
        <test-method signature="testPasswordHastAtLeastOneLetter()[pri:0, instance:com.example.AppTest@421bba99]" started-at="2024-06-30T03:49:12Z" name="testPasswordHastAtLeastOneLetter" finished-at="2024-06-30T03:49:12Z" duration-ms="0" status="PASS">
          <reporter-output>
          </reporter-output>
        </test-method> <!-- testPasswordHastAtLeastOneLetter -->
        <test-method signature="testPasswordHastAtLeastOneLetter()[pri:0, instance:com.example.AppTest@421bba99]" started-at="2024-06-30T03:49:12Z" name="testPasswordHastAtLeastOneLetter" finished-at="2024-06-30T03:49:12Z" duration-ms="0" status="PASS">
          <reporter-output>
          </reporter-output>
        </test-method> <!-- testPasswordHastAtLeastOneLetter -->
        <test-method signature="testPasswordHastAtLeastOneLetter()[pri:0, instance:com.example.AppTest@421bba99]" started-at="2024-06-30T03:49:12Z" name="testPasswordHastAtLeastOneLetter" finished-at="2024-06-30T03:49:12Z" duration-ms="0" status="PASS">
          <reporter-output>
          </reporter-output>
        </test-method> <!-- testPasswordHastAtLeastOneLetter -->
        <test-method signature="testPasswordHastAtLeastOneLetter()[pri:0, instance:com.example.AppTest@421bba99]" started-at="2024-06-30T03:49:12Z" name="testPasswordHastAtLeastOneLetter" finished-at="2024-06-30T03:49:12Z" duration-ms="0" status="PASS">
          <reporter-output>
          </reporter-output>
        </test-method> <!-- testPasswordHastAtLeastOneLetter -->
        <test-method signature="testPasswordHastAtLeastOneLetter()[pri:0, instance:com.example.AppTest@421bba99]" started-at="2024-06-30T03:49:12Z" name="testPasswordHastAtLeastOneLetter" finished-at="2024-06-30T03:49:12Z" duration-ms="0" status="PASS">
          <reporter-output>
          </reporter-output>
        </test-method> <!-- testPasswordHastAtLeastOneLetter -->
        <test-method signature="testPasswordHastAtLeastOneLetter()[pri:0, instance:com.example.AppTest@421bba99]" started-at="2024-06-30T03:49:12Z" name="testPasswordHastAtLeastOneLetter" finished-at="2024-06-30T03:49:12Z" duration-ms="0" status="PASS">
          <reporter-output>
          </reporter-output>
        </test-method> <!-- testPasswordHastAtLeastOneLetter -->
        <test-method signature="testPasswordHastAtLeastOneLetter()[pri:0, instance:com.example.AppTest@421bba99]" started-at="2024-06-30T03:49:12Z" name="testPasswordHastAtLeastOneLetter" finished-at="2024-06-30T03:49:12Z" duration-ms="0" status="PASS">
          <reporter-output>
          </reporter-output>
        </test-method> <!-- testPasswordHastAtLeastOneLetter -->
        <test-method signature="testPasswordHastAtLeastOneLetter()[pri:0, instance:com.example.AppTest@421bba99]" started-at="2024-06-30T03:49:12Z" name="testPasswordHastAtLeastOneLetter" finished-at="2024-06-30T03:49:12Z" duration-ms="0" status="PASS">
          <reporter-output>
          </reporter-output>
        </test-method> <!-- testPasswordHastAtLeastOneLetter -->
        <test-method signature="testPasswordHastAtLeastOneLetter()[pri:0, instance:com.example.AppTest@421bba99]" started-at="2024-06-30T03:49:12Z" name="testPasswordHastAtLeastOneLetter" finished-at="2024-06-30T03:49:12Z" duration-ms="0" status="PASS">
          <reporter-output>
          </reporter-output>
        </test-method> <!-- testPasswordHastAtLeastOneLetter -->
        <test-method signature="testPasswordHastAtLeastOneLetter()[pri:0, instance:com.example.AppTest@421bba99]" started-at="2024-06-30T03:49:12Z" name="testPasswordHastAtLeastOneLetter" finished-at="2024-06-30T03:49:12Z" duration-ms="0" status="PASS">
          <reporter-output>
          </reporter-output>
        </test-method> <!-- testPasswordHastAtLeastOneLetter -->
        <test-method signature="testPasswordHastAtLeastOneLetter()[pri:0, instance:com.example.AppTest@421bba99]" started-at="2024-06-30T03:49:12Z" name="testPasswordHastAtLeastOneLetter" finished-at="2024-06-30T03:49:12Z" duration-ms="0" status="PASS">
          <reporter-output>
          </reporter-output>
        </test-method> <!-- testPasswordHastAtLeastOneLetter -->
        <test-method signature="testPasswordHastAtLeastOneLetter()[pri:0, instance:com.example.AppTest@421bba99]" started-at="2024-06-30T03:49:12Z" name="testPasswordHastAtLeastOneLetter" finished-at="2024-06-30T03:49:12Z" duration-ms="0" status="PASS">
          <reporter-output>
          </reporter-output>
        </test-method> <!-- testPasswordHastAtLeastOneLetter -->
        <test-method signature="testPasswordHastAtLeastOneLetter()[pri:0, instance:com.example.AppTest@421bba99]" started-at="2024-06-30T03:49:12Z" name="testPasswordHastAtLeastOneLetter" finished-at="2024-06-30T03:49:12Z" duration-ms="0" status="PASS">
          <reporter-output>
          </reporter-output>
        </test-method> <!-- testPasswordHastAtLeastOneLetter -->
        <test-method signature="testPasswordHastAtLeastOneLetter()[pri:0, instance:com.example.AppTest@421bba99]" started-at="2024-06-30T03:49:12Z" name="testPasswordHastAtLeastOneLetter" finished-at="2024-06-30T03:49:12Z" duration-ms="1" status="PASS">
          <reporter-output>
          </reporter-output>
        </test-method> <!-- testPasswordHastAtLeastOneLetter -->
        <test-method signature="testPasswordHastAtLeastOneLetter()[pri:0, instance:com.example.AppTest@421bba99]" started-at="2024-06-30T03:49:12Z" name="testPasswordHastAtLeastOneLetter" finished-at="2024-06-30T03:49:12Z" duration-ms="0" status="PASS">
          <reporter-output>
          </reporter-output>
        </test-method> <!-- testPasswordHastAtLeastOneLetter -->
        <test-method signature="testPasswordHastAtLeastOneLetter()[pri:0, instance:com.example.AppTest@421bba99]" started-at="2024-06-30T03:49:12Z" name="testPasswordHastAtLeastOneLetter" finished-at="2024-06-30T03:49:12Z" duration-ms="0" status="PASS">
          <reporter-output>
          </reporter-output>
        </test-method> <!-- testPasswordHastAtLeastOneLetter -->
        <test-method signature="testPasswordHastAtLeastOneLetter()[pri:0, instance:com.example.AppTest@421bba99]" started-at="2024-06-30T03:49:12Z" name="testPasswordHastAtLeastOneLetter" finished-at="2024-06-30T03:49:12Z" duration-ms="1" status="PASS">
          <reporter-output>
          </reporter-output>
        </test-method> <!-- testPasswordHastAtLeastOneLetter -->
        <test-method signature="testPasswordHastAtLeastOneLetter()[pri:0, instance:com.example.AppTest@421bba99]" started-at="2024-06-30T03:49:12Z" name="testPasswordHastAtLeastOneLetter" finished-at="2024-06-30T03:49:12Z" duration-ms="0" status="PASS">
          <reporter-output>
          </reporter-output>
        </test-method> <!-- testPasswordHastAtLeastOneLetter -->
        <test-method signature="testPasswordHastAtLeastOneLetter()[pri:0, instance:com.example.AppTest@421bba99]" started-at="2024-06-30T03:49:12Z" name="testPasswordHastAtLeastOneLetter" finished-at="2024-06-30T03:49:12Z" duration-ms="0" status="PASS">
          <reporter-output>
          </reporter-output>
        </test-method> <!-- testPasswordHastAtLeastOneLetter -->
        <test-method signature="testPasswordHastAtLeastOneLetter()[pri:0, instance:com.example.AppTest@421bba99]" started-at="2024-06-30T03:49:12Z" name="testPasswordHastAtLeastOneLetter" finished-at="2024-06-30T03:49:12Z" duration-ms="0" status="PASS">
          <reporter-output>
          </reporter-output>
        </test-method> <!-- testPasswordHastAtLeastOneLetter -->
        <test-method signature="testPasswordHastAtLeastOneLetter()[pri:0, instance:com.example.AppTest@421bba99]" started-at="2024-06-30T03:49:12Z" name="testPasswordHastAtLeastOneLetter" finished-at="2024-06-30T03:49:12Z" duration-ms="0" status="PASS">
          <reporter-output>
          </reporter-output>
        </test-method> <!-- testPasswordHastAtLeastOneLetter -->
        <test-method signature="testPasswordHastAtLeastOneLetter()[pri:0, instance:com.example.AppTest@421bba99]" started-at="2024-06-30T03:49:12Z" name="testPasswordHastAtLeastOneLetter" finished-at="2024-06-30T03:49:12Z" duration-ms="0" status="PASS">
          <reporter-output>
          </reporter-output>
        </test-method> <!-- testPasswordHastAtLeastOneLetter -->
        <test-method signature="testPasswordHastAtLeastOneLetter()[pri:0, instance:com.example.AppTest@421bba99]" started-at="2024-06-30T03:49:12Z" name="testPasswordHastAtLeastOneLetter" finished-at="2024-06-30T03:49:12Z" duration-ms="0" status="PASS">
          <reporter-output>
          </reporter-output>
        </test-method> <!-- testPasswordHastAtLeastOneLetter -->
        <test-method signature="testPasswordHastAtLeastOneLetter()[pri:0, instance:com.example.AppTest@421bba99]" started-at="2024-06-30T03:49:12Z" name="testPasswordHastAtLeastOneLetter" finished-at="2024-06-30T03:49:12Z" duration-ms="0" status="PASS">
          <reporter-output>
          </reporter-output>
        </test-method> <!-- testPasswordHastAtLeastOneLetter -->
        <test-method signature="testPasswordHastAtLeastOneLetter()[pri:0, instance:com.example.AppTest@421bba99]" started-at="2024-06-30T03:49:12Z" name="testPasswordHastAtLeastOneLetter" finished-at="2024-06-30T03:49:12Z" duration-ms="0" status="PASS">
          <reporter-output>
          </reporter-output>
        </test-method> <!-- testPasswordHastAtLeastOneLetter -->
        <test-method signature="testPasswordHastAtLeastOneLetter()[pri:0, instance:com.example.AppTest@421bba99]" started-at="2024-06-30T03:49:12Z" name="testPasswordHastAtLeastOneLetter" finished-at="2024-06-30T03:49:12Z" duration-ms="0" status="PASS">
          <reporter-output>
          </reporter-output>
        </test-method> <!-- testPasswordHastAtLeastOneLetter -->
        <test-method signature="testPasswordHastAtLeastOneLetter()[pri:0, instance:com.example.AppTest@421bba99]" started-at="2024-06-30T03:49:12Z" name="testPasswordHastAtLeastOneLetter" finished-at="2024-06-30T03:49:12Z" duration-ms="0" status="PASS">
          <reporter-output>
          </reporter-output>
        </test-method> <!-- testPasswordHastAtLeastOneLetter -->
        <test-method signature="testPasswordHastAtLeastOneLetter()[pri:0, instance:com.example.AppTest@421bba99]" started-at="2024-06-30T03:49:12Z" name="testPasswordHastAtLeastOneLetter" finished-at="2024-06-30T03:49:12Z" duration-ms="0" status="PASS">
          <reporter-output>
          </reporter-output>
        </test-method> <!-- testPasswordHastAtLeastOneLetter -->
        <test-method signature="testPasswordHastAtLeastOneLetter()[pri:0, instance:com.example.AppTest@421bba99]" started-at="2024-06-30T03:49:13Z" name="testPasswordHastAtLeastOneLetter" finished-at="2024-06-30T03:49:13Z" duration-ms="0" status="PASS">
          <reporter-output>
          </reporter-output>
        </test-method> <!-- testPasswordHastAtLeastOneLetter -->
        <test-method signature="testPasswordHastAtLeastOneLetter()[pri:0, instance:com.example.AppTest@421bba99]" started-at="2024-06-30T03:49:13Z" name="testPasswordHastAtLeastOneLetter" finished-at="2024-06-30T03:49:13Z" duration-ms="0" status="PASS">
          <reporter-output>
          </reporter-output>
        </test-method> <!-- testPasswordHastAtLeastOneLetter -->
        <test-method signature="testPasswordHastAtLeastOneLetter()[pri:0, instance:com.example.AppTest@421bba99]" started-at="2024-06-30T03:49:13Z" name="testPasswordHastAtLeastOneLetter" finished-at="2024-06-30T03:49:13Z" duration-ms="0" status="PASS">
          <reporter-output>
          </reporter-output>
        </test-method> <!-- testPasswordHastAtLeastOneLetter -->
        <test-method signature="testPasswordHastAtLeastOneLetter()[pri:0, instance:com.example.AppTest@421bba99]" started-at="2024-06-30T03:49:13Z" name="testPasswordHastAtLeastOneLetter" finished-at="2024-06-30T03:49:13Z" duration-ms="0" status="PASS">
          <reporter-output>
          </reporter-output>
        </test-method> <!-- testPasswordHastAtLeastOneLetter -->
        <test-method signature="testPasswordHastAtLeastOneLetter()[pri:0, instance:com.example.AppTest@421bba99]" started-at="2024-06-30T03:49:13Z" name="testPasswordHastAtLeastOneLetter" finished-at="2024-06-30T03:49:13Z" duration-ms="1" status="PASS">
          <reporter-output>
          </reporter-output>
        </test-method> <!-- testPasswordHastAtLeastOneLetter -->
        <test-method signature="testPasswordHastAtLeastOneLetter()[pri:0, instance:com.example.AppTest@421bba99]" started-at="2024-06-30T03:49:13Z" name="testPasswordHastAtLeastOneLetter" finished-at="2024-06-30T03:49:13Z" duration-ms="1" status="PASS">
          <reporter-output>
          </reporter-output>
        </test-method> <!-- testPasswordHastAtLeastOneLetter -->
        <test-method signature="testPasswordHastAtLeastOneLetter()[pri:0, instance:com.example.AppTest@421bba99]" started-at="2024-06-30T03:49:13Z" name="testPasswordHastAtLeastOneLetter" finished-at="2024-06-30T03:49:13Z" duration-ms="0" status="PASS">
          <reporter-output>
          </reporter-output>
        </test-method> <!-- testPasswordHastAtLeastOneLetter -->
        <test-method signature="testPasswordHastAtLeastOneLetter()[pri:0, instance:com.example.AppTest@421bba99]" started-at="2024-06-30T03:49:13Z" name="testPasswordHastAtLeastOneLetter" finished-at="2024-06-30T03:49:13Z" duration-ms="0" status="PASS">
          <reporter-output>
          </reporter-output>
        </test-method> <!-- testPasswordHastAtLeastOneLetter -->
        <test-method signature="testPasswordHastAtLeastOneLetter()[pri:0, instance:com.example.AppTest@421bba99]" started-at="2024-06-30T03:49:13Z" name="testPasswordHastAtLeastOneLetter" finished-at="2024-06-30T03:49:13Z" duration-ms="0" status="PASS">
          <reporter-output>
          </reporter-output>
        </test-method> <!-- testPasswordHastAtLeastOneLetter -->
        <test-method signature="testPasswordHastAtLeastOneLetter()[pri:0, instance:com.example.AppTest@421bba99]" started-at="2024-06-30T03:49:13Z" name="testPasswordHastAtLeastOneLetter" finished-at="2024-06-30T03:49:13Z" duration-ms="0" status="PASS">
          <reporter-output>
          </reporter-output>
        </test-method> <!-- testPasswordHastAtLeastOneLetter -->
        <test-method signature="testPasswordHastAtLeastOneLetter()[pri:0, instance:com.example.AppTest@421bba99]" started-at="2024-06-30T03:49:13Z" name="testPasswordHastAtLeastOneLetter" finished-at="2024-06-30T03:49:13Z" duration-ms="0" status="PASS">
          <reporter-output>
          </reporter-output>
        </test-method> <!-- testPasswordHastAtLeastOneLetter -->
        <test-method signature="testPasswordHastAtLeastOneLetter()[pri:0, instance:com.example.AppTest@421bba99]" started-at="2024-06-30T03:49:13Z" name="testPasswordHastAtLeastOneLetter" finished-at="2024-06-30T03:49:13Z" duration-ms="1" status="PASS">
          <reporter-output>
          </reporter-output>
        </test-method> <!-- testPasswordHastAtLeastOneLetter -->
        <test-method signature="testPasswordHastAtLeastOneLetter()[pri:0, instance:com.example.AppTest@421bba99]" started-at="2024-06-30T03:49:13Z" name="testPasswordHastAtLeastOneLetter" finished-at="2024-06-30T03:49:13Z" duration-ms="0" status="PASS">
          <reporter-output>
          </reporter-output>
        </test-method> <!-- testPasswordHastAtLeastOneLetter -->
        <test-method signature="testPasswordHastAtLeastOneLetter()[pri:0, instance:com.example.AppTest@421bba99]" started-at="2024-06-30T03:49:13Z" name="testPasswordHastAtLeastOneLetter" finished-at="2024-06-30T03:49:13Z" duration-ms="0" status="PASS">
          <reporter-output>
          </reporter-output>
        </test-method> <!-- testPasswordHastAtLeastOneLetter -->
        <test-method signature="testPasswordHastAtLeastOneLetter()[pri:0, instance:com.example.AppTest@421bba99]" started-at="2024-06-30T03:49:13Z" name="testPasswordHastAtLeastOneLetter" finished-at="2024-06-30T03:49:13Z" duration-ms="0" status="PASS">
          <reporter-output>
          </reporter-output>
        </test-method> <!-- testPasswordHastAtLeastOneLetter -->
        <test-method signature="testPasswordHastAtLeastOneLetter()[pri:0, instance:com.example.AppTest@421bba99]" started-at="2024-06-30T03:49:13Z" name="testPasswordHastAtLeastOneLetter" finished-at="2024-06-30T03:49:13Z" duration-ms="0" status="PASS">
          <reporter-output>
          </reporter-output>
        </test-method> <!-- testPasswordHastAtLeastOneLetter -->
        <test-method signature="testPasswordHastAtLeastOneLetter()[pri:0, instance:com.example.AppTest@421bba99]" started-at="2024-06-30T03:49:13Z" name="testPasswordHastAtLeastOneLetter" finished-at="2024-06-30T03:49:13Z" duration-ms="0" status="PASS">
          <reporter-output>
          </reporter-output>
        </test-method> <!-- testPasswordHastAtLeastOneLetter -->
        <test-method signature="testPasswordHastAtLeastOneLetter()[pri:0, instance:com.example.AppTest@421bba99]" started-at="2024-06-30T03:49:13Z" name="testPasswordHastAtLeastOneLetter" finished-at="2024-06-30T03:49:13Z" duration-ms="0" status="PASS">
          <reporter-output>
          </reporter-output>
        </test-method> <!-- testPasswordHastAtLeastOneLetter -->
        <test-method signature="testPasswordHastAtLeastOneLetter()[pri:0, instance:com.example.AppTest@421bba99]" started-at="2024-06-30T03:49:13Z" name="testPasswordHastAtLeastOneLetter" finished-at="2024-06-30T03:49:13Z" duration-ms="0" status="PASS">
          <reporter-output>
          </reporter-output>
        </test-method> <!-- testPasswordHastAtLeastOneLetter -->
        <test-method signature="testPasswordHastAtLeastOneLetter()[pri:0, instance:com.example.AppTest@421bba99]" started-at="2024-06-30T03:49:13Z" name="testPasswordHastAtLeastOneLetter" finished-at="2024-06-30T03:49:13Z" duration-ms="0" status="PASS">
          <reporter-output>
          </reporter-output>
        </test-method> <!-- testPasswordHastAtLeastOneLetter -->
        <test-method signature="testPasswordHastAtLeastOneLetter()[pri:0, instance:com.example.AppTest@421bba99]" started-at="2024-06-30T03:49:13Z" name="testPasswordHastAtLeastOneLetter" finished-at="2024-06-30T03:49:13Z" duration-ms="0" status="PASS">
          <reporter-output>
          </reporter-output>
        </test-method> <!-- testPasswordHastAtLeastOneLetter -->
        <test-method signature="testPasswordHastAtLeastOneLetter()[pri:0, instance:com.example.AppTest@421bba99]" started-at="2024-06-30T03:49:13Z" name="testPasswordHastAtLeastOneLetter" finished-at="2024-06-30T03:49:13Z" duration-ms="0" status="PASS">
          <reporter-output>
          </reporter-output>
        </test-method> <!-- testPasswordHastAtLeastOneLetter -->
        <test-method signature="testPasswordHastAtLeastOneLetter()[pri:0, instance:com.example.AppTest@421bba99]" started-at="2024-06-30T03:49:13Z" name="testPasswordHastAtLeastOneLetter" finished-at="2024-06-30T03:49:13Z" duration-ms="1" status="PASS">
          <reporter-output>
          </reporter-output>
        </test-method> <!-- testPasswordHastAtLeastOneLetter -->
        <test-method signature="testPasswordHastAtLeastOneLetter()[pri:0, instance:com.example.AppTest@421bba99]" started-at="2024-06-30T03:49:13Z" name="testPasswordHastAtLeastOneLetter" finished-at="2024-06-30T03:49:13Z" duration-ms="0" status="PASS">
          <reporter-output>
          </reporter-output>
        </test-method> <!-- testPasswordHastAtLeastOneLetter -->
        <test-method signature="testPasswordHastAtLeastOneLetter()[pri:0, instance:com.example.AppTest@421bba99]" started-at="2024-06-30T03:49:13Z" name="testPasswordHastAtLeastOneLetter" finished-at="2024-06-30T03:49:13Z" duration-ms="0" status="PASS">
          <reporter-output>
          </reporter-output>
        </test-method> <!-- testPasswordHastAtLeastOneLetter -->
        <test-method signature="testPasswordHastAtLeastOneLetter()[pri:0, instance:com.example.AppTest@421bba99]" started-at="2024-06-30T03:49:13Z" name="testPasswordHastAtLeastOneLetter" finished-at="2024-06-30T03:49:13Z" duration-ms="0" status="PASS">
          <reporter-output>
          </reporter-output>
        </test-method> <!-- testPasswordHastAtLeastOneLetter -->
        <test-method signature="testPasswordHastAtLeastOneLetter()[pri:0, instance:com.example.AppTest@421bba99]" started-at="2024-06-30T03:49:13Z" name="testPasswordHastAtLeastOneLetter" finished-at="2024-06-30T03:49:13Z" duration-ms="1" status="PASS">
          <reporter-output>
          </reporter-output>
        </test-method> <!-- testPasswordHastAtLeastOneLetter -->
        <test-method signature="testPasswordHastAtLeastOneLetter()[pri:0, instance:com.example.AppTest@421bba99]" started-at="2024-06-30T03:49:13Z" name="testPasswordHastAtLeastOneLetter" finished-at="2024-06-30T03:49:13Z" duration-ms="0" status="PASS">
          <reporter-output>
          </reporter-output>
        </test-method> <!-- testPasswordHastAtLeastOneLetter -->
        <test-method signature="testPasswordHastAtLeastOneLetter()[pri:0, instance:com.example.AppTest@421bba99]" started-at="2024-06-30T03:49:13Z" name="testPasswordHastAtLeastOneLetter" finished-at="2024-06-30T03:49:13Z" duration-ms="0" status="PASS">
          <reporter-output>
          </reporter-output>
        </test-method> <!-- testPasswordHastAtLeastOneLetter -->
        <test-method signature="testPasswordHastAtLeastOneLetter()[pri:0, instance:com.example.AppTest@421bba99]" started-at="2024-06-30T03:49:13Z" name="testPasswordHastAtLeastOneLetter" finished-at="2024-06-30T03:49:13Z" duration-ms="0" status="PASS">
          <reporter-output>
          </reporter-output>
        </test-method> <!-- testPasswordHastAtLeastOneLetter -->
        <test-method signature="testPasswordHastAtLeastOneLetter()[pri:0, instance:com.example.AppTest@421bba99]" started-at="2024-06-30T03:49:13Z" name="testPasswordHastAtLeastOneLetter" finished-at="2024-06-30T03:49:13Z" duration-ms="0" status="PASS">
          <reporter-output>
          </reporter-output>
        </test-method> <!-- testPasswordHastAtLeastOneLetter -->
        <test-method signature="testPasswordHastAtLeastOneLetter()[pri:0, instance:com.example.AppTest@421bba99]" started-at="2024-06-30T03:49:13Z" name="testPasswordHastAtLeastOneLetter" finished-at="2024-06-30T03:49:13Z" duration-ms="0" status="PASS">
          <reporter-output>
          </reporter-output>
        </test-method> <!-- testPasswordHastAtLeastOneLetter -->
        <test-method signature="testPasswordHastAtLeastOneLetter()[pri:0, instance:com.example.AppTest@421bba99]" started-at="2024-06-30T03:49:13Z" name="testPasswordHastAtLeastOneLetter" finished-at="2024-06-30T03:49:13Z" duration-ms="0" status="PASS">
          <reporter-output>
          </reporter-output>
        </test-method> <!-- testPasswordHastAtLeastOneLetter -->
        <test-method signature="testPasswordHastAtLeastOneLetter()[pri:0, instance:com.example.AppTest@421bba99]" started-at="2024-06-30T03:49:13Z" name="testPasswordHastAtLeastOneLetter" finished-at="2024-06-30T03:49:13Z" duration-ms="0" status="PASS">
          <reporter-output>
          </reporter-output>
        </test-method> <!-- testPasswordHastAtLeastOneLetter -->
        <test-method signature="testPasswordHastAtLeastOneLetter()[pri:0, instance:com.example.AppTest@421bba99]" started-at="2024-06-30T03:49:13Z" name="testPasswordHastAtLeastOneLetter" finished-at="2024-06-30T03:49:13Z" duration-ms="1" status="PASS">
          <reporter-output>
          </reporter-output>
        </test-method> <!-- testPasswordHastAtLeastOneLetter -->
        <test-method signature="testPasswordHastAtLeastOneLetter()[pri:0, instance:com.example.AppTest@421bba99]" started-at="2024-06-30T03:49:13Z" name="testPasswordHastAtLeastOneLetter" finished-at="2024-06-30T03:49:13Z" duration-ms="0" status="PASS">
          <reporter-output>
          </reporter-output>
        </test-method> <!-- testPasswordHastAtLeastOneLetter -->
        <test-method signature="testPasswordHastAtLeastOneLetter()[pri:0, instance:com.example.AppTest@421bba99]" started-at="2024-06-30T03:49:13Z" name="testPasswordHastAtLeastOneLetter" finished-at="2024-06-30T03:49:13Z" duration-ms="0" status="PASS">
          <reporter-output>
          </reporter-output>
        </test-method> <!-- testPasswordHastAtLeastOneLetter -->
        <test-method signature="testPasswordHastAtLeastOneLetter()[pri:0, instance:com.example.AppTest@421bba99]" started-at="2024-06-30T03:49:13Z" name="testPasswordHastAtLeastOneLetter" finished-at="2024-06-30T03:49:13Z" duration-ms="0" status="PASS">
          <reporter-output>
          </reporter-output>
        </test-method> <!-- testPasswordHastAtLeastOneLetter -->
        <test-method signature="testPasswordHastAtLeastOneLetter()[pri:0, instance:com.example.AppTest@421bba99]" started-at="2024-06-30T03:49:13Z" name="testPasswordHastAtLeastOneLetter" finished-at="2024-06-30T03:49:13Z" duration-ms="1" status="PASS">
          <reporter-output>
          </reporter-output>
        </test-method> <!-- testPasswordHastAtLeastOneLetter -->
        <test-method signature="testPasswordHastAtLeastOneLetter()[pri:0, instance:com.example.AppTest@421bba99]" started-at="2024-06-30T03:49:13Z" name="testPasswordHastAtLeastOneLetter" finished-at="2024-06-30T03:49:13Z" duration-ms="0" status="PASS">
          <reporter-output>
          </reporter-output>
        </test-method> <!-- testPasswordHastAtLeastOneLetter -->
        <test-method signature="testPasswordHastAtLeastOneLetter()[pri:0, instance:com.example.AppTest@421bba99]" started-at="2024-06-30T03:49:13Z" name="testPasswordHastAtLeastOneLetter" finished-at="2024-06-30T03:49:13Z" duration-ms="0" status="PASS">
          <reporter-output>
          </reporter-output>
        </test-method> <!-- testPasswordHastAtLeastOneLetter -->
        <test-method signature="testPasswordHastAtLeastOneLetter()[pri:0, instance:com.example.AppTest@421bba99]" started-at="2024-06-30T03:49:13Z" name="testPasswordHastAtLeastOneLetter" finished-at="2024-06-30T03:49:13Z" duration-ms="0" status="PASS">
          <reporter-output>
          </reporter-output>
        </test-method> <!-- testPasswordHastAtLeastOneLetter -->
        <test-method signature="testPasswordHastAtLeastOneLetter()[pri:0, instance:com.example.AppTest@421bba99]" started-at="2024-06-30T03:49:13Z" name="testPasswordHastAtLeastOneLetter" finished-at="2024-06-30T03:49:13Z" duration-ms="0" status="PASS">
          <reporter-output>
          </reporter-output>
        </test-method> <!-- testPasswordHastAtLeastOneLetter -->
        <test-method signature="testPasswordHastAtLeastOneLetter()[pri:0, instance:com.example.AppTest@421bba99]" started-at="2024-06-30T03:49:13Z" name="testPasswordHastAtLeastOneLetter" finished-at="2024-06-30T03:49:13Z" duration-ms="0" status="PASS">
          <reporter-output>
          </reporter-output>
        </test-method> <!-- testPasswordHastAtLeastOneLetter -->
        <test-method signature="testPasswordHastAtLeastOneLetter()[pri:0, instance:com.example.AppTest@421bba99]" started-at="2024-06-30T03:49:13Z" name="testPasswordHastAtLeastOneLetter" finished-at="2024-06-30T03:49:13Z" duration-ms="0" status="PASS">
          <reporter-output>
          </reporter-output>
        </test-method> <!-- testPasswordHastAtLeastOneLetter -->
        <test-method signature="testPasswordHastAtLeastOneLetter()[pri:0, instance:com.example.AppTest@421bba99]" started-at="2024-06-30T03:49:13Z" name="testPasswordHastAtLeastOneLetter" finished-at="2024-06-30T03:49:13Z" duration-ms="0" status="PASS">
          <reporter-output>
          </reporter-output>
        </test-method> <!-- testPasswordHastAtLeastOneLetter -->
        <test-method signature="testPasswordHastAtLeastTwoSpecialCharacters()[pri:0, instance:com.example.AppTest@421bba99]" started-at="2024-06-30T03:49:13Z" name="testPasswordHastAtLeastTwoSpecialCharacters" finished-at="2024-06-30T03:49:13Z" duration-ms="0" status="PASS">
          <reporter-output>
          </reporter-output>
        </test-method> <!-- testPasswordHastAtLeastTwoSpecialCharacters -->
        <test-method signature="testPasswordLengthIsTen()[pri:0, instance:com.example.AppTest@421bba99]" started-at="2024-06-30T03:49:13Z" name="testPasswordLengthIsTen" finished-at="2024-06-30T03:49:13Z" duration-ms="0" status="PASS">
          <reporter-output>
          </reporter-output>
        </test-method> <!-- testPasswordLengthIsTen -->
      </class> <!-- com.example.AppTest -->
    </test> <!-- Surefire test -->
  </suite> <!-- Surefire suite -->
</testng-results>
