<?xml version="1.0" encoding="UTF-8"?>
<!-- Generated by org.testng.reporters.JUnitXMLReporter -->
<testsuite ignored="0" hostname="DESKTOP-L16VT6H" failures="2" tests="102" name="Surefire test" time="0.08" errors="0" timestamp="30 jun. 2024 03:49:13 GMT">
  <testcase classname="com.example.AppTest" name="testPasswordHastAtLeastOneLetter" time="0.009"/>
  <testcase classname="com.example.AppTest" name="testPasswordHastAtLeastOneLetter" time="0.0"/>
  <testcase classname="com.example.AppTest" name="testPasswordHastAtLeastOneLetter" time="0.0">
    <failure type="java.lang.AssertionError" message="expected [true] but found [false]">
      <![CDATA[java.lang.AssertionError: expected [true] but found [false]
at com.example.AppTest.testPasswordHastAtLeastOneLetter(AppTest.java:67)
... Removed 34 stack frames]]>
    </failure>
  </testcase> <!-- testPasswordHastAtLeastOneLetter -->
  <testcase classname="com.example.AppTest" name="testPasswordHastAtLeastOneLetter" time="0.0"/>
  <testcase classname="com.example.AppTest" name="testPasswordHastAtLeastOneLetter" time="0.0"/>
  <testcase classname="com.example.AppTest" name="testPasswordHastAtLeastOneLetter" time="0.0"/>
  <testcase classname="com.example.AppTest" name="testPasswordHastAtLeastOneLetter" time="0.0"/>
  <testcase classname="com.example.AppTest" name="testPasswordHastAtLeastOneLetter" time="0.0"/>
  <testcase classname="com.example.AppTest" name="testPasswordHastAtLeastOneLetter" time="0.0"/>
  <testcase classname="com.example.AppTest" name="testPasswordHastAtLeastOneLetter" time="0.001"/>
  <testcase classname="com.example.AppTest" name="testPasswordHastAtLeastOneLetter" time="0.0"/>
  <testcase classname="com.example.AppTest" name="testPasswordHastAtLeastOneLetter" time="0.0"/>
  <testcase classname="com.example.AppTest" name="testPasswordHastAtLeastOneLetter" time="0.0"/>
  <testcase classname="com.example.AppTest" name="testPasswordHastAtLeastOneLetter" time="0.0"/>
  <testcase classname="com.example.AppTest" name="testPasswordHastAtLeastOneLetter" time="0.0"/>
  <testcase classname="com.example.AppTest" name="testPasswordHastAtLeastOneLetter" time="0.003">
    <failure type="java.lang.AssertionError" message="expected [true] but found [false]">
      <![CDATA[java.lang.AssertionError: expected [true] but found [false]
at com.example.AppTest.testPasswordHastAtLeastOneLetter(AppTest.java:67)
... Removed 34 stack frames]]>
    </failure>
  </testcase> <!-- testPasswordHastAtLeastOneLetter -->
  <testcase classname="com.example.AppTest" name="testPasswordHastAtLeastOneLetter" time="0.0"/>
  <testcase classname="com.example.AppTest" name="testPasswordHastAtLeastOneLetter" time="0.001"/>
  <testcase classname="com.example.AppTest" name="testPasswordHastAtLeastOneLetter" time="0.0"/>
  <testcase classname="com.example.AppTest" name="testPasswordHastAtLeastOneLetter" time="0.0"/>
  <testcase classname="com.example.AppTest" name="testPasswordHastAtLeastOneLetter" time="0.0"/>
  <testcase classname="com.example.AppTest" name="testPasswordHastAtLeastOneLetter" time="0.0"/>
  <testcase classname="com.example.AppTest" name="testPasswordHastAtLeastOneLetter" time="0.0"/>
  <testcase classname="com.example.AppTest" name="testPasswordHastAtLeastOneLetter" time="0.0"/>
  <testcase classname="com.example.AppTest" name="testPasswordHastAtLeastOneLetter" time="0.0"/>
  <testcase classname="com.example.AppTest" name="testPasswordHastAtLeastOneLetter" time="0.0"/>
  <testcase classname="com.example.AppTest" name="testPasswordHastAtLeastOneLetter" time="0.0"/>
  <testcase classname="com.example.AppTest" name="testPasswordHastAtLeastOneLetter" time="0.0"/>
  <testcase classname="com.example.AppTest" name="testPasswordHastAtLeastOneLetter" time="0.0"/>
  <testcase classname="com.example.AppTest" name="testPasswordHastAtLeastOneLetter" time="0.0"/>
  <testcase classname="com.example.AppTest" name="testPasswordHastAtLeastOneLetter" time="0.0"/>
  <testcase classname="com.example.AppTest" name="testPasswordHastAtLeastOneLetter" time="0.0"/>
  <testcase classname="com.example.AppTest" name="testPasswordHastAtLeastOneLetter" time="0.0"/>
  <testcase classname="com.example.AppTest" name="testPasswordHastAtLeastOneLetter" time="0.0"/>
  <testcase classname="com.example.AppTest" name="testPasswordHastAtLeastOneLetter" time="0.0"/>
  <testcase classname="com.example.AppTest" name="testPasswordHastAtLeastOneLetter" time="0.0"/>
  <testcase classname="com.example.AppTest" name="testPasswordHastAtLeastOneLetter" time="0.0"/>
  <testcase classname="com.example.AppTest" name="testPasswordHastAtLeastOneLetter" time="0.0"/>
  <testcase classname="com.example.AppTest" name="testPasswordHastAtLeastOneLetter" time="0.0"/>
  <testcase classname="com.example.AppTest" name="testPasswordHastAtLeastOneLetter" time="0.0"/>
  <testcase classname="com.example.AppTest" name="testPasswordHastAtLeastOneLetter" time="0.001"/>
  <testcase classname="com.example.AppTest" name="testPasswordHastAtLeastOneLetter" time="0.0"/>
  <testcase classname="com.example.AppTest" name="testPasswordHastAtLeastOneLetter" time="0.0"/>
  <testcase classname="com.example.AppTest" name="testPasswordHastAtLeastOneLetter" time="0.001"/>
  <testcase classname="com.example.AppTest" name="testPasswordHastAtLeastOneLetter" time="0.0"/>
  <testcase classname="com.example.AppTest" name="testPasswordHastAtLeastOneLetter" time="0.0"/>
  <testcase classname="com.example.AppTest" name="testPasswordHastAtLeastOneLetter" time="0.0"/>
  <testcase classname="com.example.AppTest" name="testPasswordHastAtLeastOneLetter" time="0.0"/>
  <testcase classname="com.example.AppTest" name="testPasswordHastAtLeastOneLetter" time="0.0"/>
  <testcase classname="com.example.AppTest" name="testPasswordHastAtLeastOneLetter" time="0.0"/>
  <testcase classname="com.example.AppTest" name="testPasswordHastAtLeastOneLetter" time="0.0"/>
  <testcase classname="com.example.AppTest" name="testPasswordHastAtLeastOneLetter" time="0.0"/>
  <testcase classname="com.example.AppTest" name="testPasswordHastAtLeastOneLetter" time="0.0"/>
  <testcase classname="com.example.AppTest" name="testPasswordHastAtLeastOneLetter" time="0.0"/>
  <testcase classname="com.example.AppTest" name="testPasswordHastAtLeastOneLetter" time="0.0"/>
  <testcase classname="com.example.AppTest" name="testPasswordHastAtLeastOneLetter" time="0.0"/>
  <testcase classname="com.example.AppTest" name="testPasswordHastAtLeastOneLetter" time="0.0"/>
  <testcase classname="com.example.AppTest" name="testPasswordHastAtLeastOneLetter" time="0.0"/>
  <testcase classname="com.example.AppTest" name="testPasswordHastAtLeastOneLetter" time="0.001"/>
  <testcase classname="com.example.AppTest" name="testPasswordHastAtLeastOneLetter" time="0.0"/>
  <testcase classname="com.example.AppTest" name="testPasswordHastAtLeastOneLetter" time="0.0"/>
  <testcase classname="com.example.AppTest" name="testPasswordHastAtLeastOneLetter" time="0.0"/>
  <testcase classname="com.example.AppTest" name="testPasswordHastAtLeastOneLetter" time="0.001"/>
  <testcase classname="com.example.AppTest" name="testPasswordHastAtLeastOneLetter" time="0.0"/>
  <testcase classname="com.example.AppTest" name="testPasswordHastAtLeastOneLetter" time="0.0"/>
  <testcase classname="com.example.AppTest" name="testPasswordHastAtLeastOneLetter" time="0.001"/>
  <testcase classname="com.example.AppTest" name="testPasswordHastAtLeastOneLetter" time="0.0"/>
  <testcase classname="com.example.AppTest" name="testPasswordHastAtLeastOneLetter" time="0.0"/>
  <testcase classname="com.example.AppTest" name="testPasswordHastAtLeastOneLetter" time="0.0"/>
  <testcase classname="com.example.AppTest" name="testPasswordHastAtLeastOneLetter" time="0.0"/>
  <testcase classname="com.example.AppTest" name="testPasswordHastAtLeastOneLetter" time="0.0"/>
  <testcase classname="com.example.AppTest" name="testPasswordHastAtLeastOneLetter" time="0.0"/>
  <testcase classname="com.example.AppTest" name="testPasswordHastAtLeastOneLetter" time="0.0"/>
  <testcase classname="com.example.AppTest" name="testPasswordHastAtLeastOneLetter" time="0.0"/>
  <testcase classname="com.example.AppTest" name="testPasswordHastAtLeastOneLetter" time="0.0"/>
  <testcase classname="com.example.AppTest" name="testPasswordHastAtLeastOneLetter" time="0.0"/>
  <testcase classname="com.example.AppTest" name="testPasswordHastAtLeastOneLetter" time="0.0"/>
  <testcase classname="com.example.AppTest" name="testPasswordHastAtLeastOneLetter" time="0.0"/>
  <testcase classname="com.example.AppTest" name="testPasswordHastAtLeastOneLetter" time="0.001"/>
  <testcase classname="com.example.AppTest" name="testPasswordHastAtLeastOneLetter" time="0.0"/>
  <testcase classname="com.example.AppTest" name="testPasswordHastAtLeastOneLetter" time="0.0"/>
  <testcase classname="com.example.AppTest" name="testPasswordHastAtLeastOneLetter" time="0.0"/>
  <testcase classname="com.example.AppTest" name="testPasswordHastAtLeastOneLetter" time="0.001"/>
  <testcase classname="com.example.AppTest" name="testPasswordHastAtLeastOneLetter" time="0.0"/>
  <testcase classname="com.example.AppTest" name="testPasswordHastAtLeastOneLetter" time="0.0"/>
  <testcase classname="com.example.AppTest" name="testPasswordHastAtLeastOneLetter" time="0.0"/>
  <testcase classname="com.example.AppTest" name="testPasswordHastAtLeastOneLetter" time="0.0"/>
  <testcase classname="com.example.AppTest" name="testPasswordHastAtLeastOneLetter" time="0.0"/>
  <testcase classname="com.example.AppTest" name="testPasswordHastAtLeastOneLetter" time="0.0"/>
  <testcase classname="com.example.AppTest" name="testPasswordHastAtLeastOneLetter" time="0.0"/>
  <testcase classname="com.example.AppTest" name="testPasswordHastAtLeastOneLetter" time="0.001"/>
  <testcase classname="com.example.AppTest" name="testPasswordHastAtLeastOneLetter" time="0.0"/>
  <testcase classname="com.example.AppTest" name="testPasswordHastAtLeastOneLetter" time="0.0"/>
  <testcase classname="com.example.AppTest" name="testPasswordHastAtLeastOneLetter" time="0.0"/>
  <testcase classname="com.example.AppTest" name="testPasswordHastAtLeastOneLetter" time="0.001"/>
  <testcase classname="com.example.AppTest" name="testPasswordHastAtLeastOneLetter" time="0.0"/>
  <testcase classname="com.example.AppTest" name="testPasswordHastAtLeastOneLetter" time="0.0"/>
  <testcase classname="com.example.AppTest" name="testPasswordHastAtLeastOneLetter" time="0.0"/>
  <testcase classname="com.example.AppTest" name="testPasswordHastAtLeastOneLetter" time="0.0"/>
  <testcase classname="com.example.AppTest" name="testPasswordHastAtLeastOneLetter" time="0.0"/>
  <testcase classname="com.example.AppTest" name="testPasswordHastAtLeastTwoSpecialCharacters" time="0.0"/>
  <testcase classname="com.example.AppTest" name="testPasswordLengthIsTen" time="0.0"/>
</testsuite> <!-- Surefire test -->
